#
# There is insufficient memory for the Java Runtime Environment to continue.
# Native memory allocation (mmap) failed to map 4661248 bytes for committing reserved memory.
# Possible reasons:
#   The system is out of physical RAM or swap space
#   In 32 bit mode, the process size limit was hit
# Possible solutions:
#   Reduce memory load on the system
#   Increase physical memory or swap space
#   Check if swap backing store is full
#   Use 64 bit Java on a 64 bit OS
#   Decrease Java heap size (-Xmx/-Xms)
#   Decrease number of Java threads
#   Decrease Java thread stack sizes (-Xss)
#   Set larger code cache with -XX:ReservedCodeCacheSize=
# This output file may be truncated or incomplete.
#
#  Out of Memory Error (os_linux.cpp:2671), pid=23081, tid=139716388042496
#
# JRE version: Java(TM) SE Runtime Environment (8.0_20-b26) (build 1.8.0_20-b26)
# Java VM: Java HotSpot(TM) 64-Bit Server VM (25.20-b23 mixed mode linux-amd64 compressed oops)
# Failed to write core dump. Core dumps have been disabled. To enable core dumping, try "ulimit -c unlimited" before starting Java again
#

---------------  T H R E A D  ---------------

Current thread (0x00007f123c069800):  VMThread [stack: 0x00007f12419db000,0x00007f1241adc000] [id=23087]

Stack: [0x00007f12419db000,0x00007f1241adc000],  sp=0x00007f1241ada370,  free space=1020k
Native frames: (J=compiled Java code, j=interpreted, Vv=VM code, C=native code)
V  [libjvm.so+0xa76cea]  VMError::report_and_die()+0x2ca
V  [libjvm.so+0x4e52fb]  report_vm_out_of_memory(char const*, int, unsigned long, VMErrorType, char const*)+0x8b
V  [libjvm.so+0x8e4ec3]  os::Linux::commit_memory_impl(char*, unsigned long, bool)+0x103
V  [libjvm.so+0x8e5419]  os::pd_commit_memory(char*, unsigned long, unsigned long, bool)+0x29
V  [libjvm.so+0x8df0ea]  os::commit_memory(char*, unsigned long, unsigned long, bool)+0x2a
V  [libjvm.so+0xa72c19]  VirtualSpace::expand_by(unsigned long, bool)+0x1c9
V  [libjvm.so+0x5d16d5]  OneContigSpaceCardGeneration::grow_by(unsigned long)+0x25
V  [libjvm.so+0x5d1a9f]  CardGeneration::expand(unsigned long, unsigned long)+0x6f
V  [libjvm.so+0x5d1b4e]  OneContigSpaceCardGeneration::expand(unsigned long, unsigned long)+0x3e
V  [libjvm.so+0x5c2cd4]  GenCollectedHeap::do_collection(bool, bool, unsigned long, bool, int)+0x764
V  [libjvm.so+0x4756f4]  GenCollectorPolicy::satisfy_failed_allocation(unsigned long, bool)+0x134
V  [libjvm.so+0xa77ab4]  VM_GenCollectForAllocation::doit()+0x94
V  [libjvm.so+0xa7fa85]  VM_Operation::evaluate()+0x55
V  [libjvm.so+0xa7de5a]  VMThread::evaluate_operation(VM_Operation*)+0xba
V  [libjvm.so+0xa7e1de]  VMThread::loop()+0x1ce
V  [libjvm.so+0xa7e650]  VMThread::run()+0x70
V  [libjvm.so+0x8e75f8]  java_start(Thread*)+0x108

VM_Operation (0x00007f12458ed5d0): GenCollectForAllocation, mode: safepoint, requested by thread 0x00007f123c009800


---------------  P R O C E S S  ---------------

Java Threads: ( => current thread )
  0x00007f123c0a9000 JavaThread "Service Thread" daemon [_thread_blocked, id=23093, stack(0x00007f12410d8000,0x00007f12411d9000)]
  0x00007f123c0a6000 JavaThread "C1 CompilerThread1" daemon [_thread_blocked, id=23092, stack(0x00007f12411d9000,0x00007f12412da000)]
  0x00007f123c0a3800 JavaThread "C2 CompilerThread0" daemon [_thread_blocked, id=23091, stack(0x00007f12412da000,0x00007f12413db000)]
  0x00007f123c0a2000 JavaThread "Signal Dispatcher" daemon [_thread_blocked, id=23090, stack(0x00007f12413db000,0x00007f12414dc000)]
  0x00007f123c073000 JavaThread "Finalizer" daemon [_thread_blocked, id=23089, stack(0x00007f12417d9000,0x00007f12418da000)]
  0x00007f123c070800 JavaThread "Reference Handler" daemon [_thread_blocked, id=23088, stack(0x00007f12418da000,0x00007f12419db000)]
  0x00007f123c009800 JavaThread "main" [_thread_blocked, id=23086, stack(0x00007f12457ef000,0x00007f12458f0000)]

Other Threads:
=>0x00007f123c069800 VMThread [stack: 0x00007f12419db000,0x00007f1241adc000] [id=23087]
  0x00007f123c0b6800 WatcherThread [stack: 0x00007f1240fd7000,0x00007f12410d8000] [id=23094]

VM state:at safepoint (normal execution)

VM Mutex/Monitor currently owned by a thread:  ([mutex/lock_event])
[0x00007f123c005f60] Threads_lock - owner thread: 0x00007f123c069800
[0x00007f123c006460] Heap_lock - owner thread: 0x00007f123c009800

Heap:
 def new generation   total 4480K, used 0K [0x00000000f0600000, 0x00000000f0ad0000, 0x00000000f5950000)
  eden space 4032K,   0% used [0x00000000f0600000, 0x00000000f0600000, 0x00000000f09f0000)
  from space 448K,   0% used [0x00000000f09f0000, 0x00000000f09f0000, 0x00000000f0a60000)
  to   space 448K,   0% used [0x00000000f0a60000, 0x00000000f0a60000, 0x00000000f0ad0000)
 tenured generation   total 9988K, used 8721K [0x00000000f5950000, 0x00000000f6311000, 0x0000000100000000)
   the space 9988K,  87% used [0x00000000f5950000, 0x00000000f61d46f8, 0x00000000f61d4800, 0x00000000f6311000)
 Metaspace       used 7313K, capacity 8116K, committed 8448K, reserved 1056768K
  class space    used 882K, capacity 944K, committed 1024K, reserved 1048576K

Card table byte_map: [0x00007f1245769000,0x00007f12457e7000] byte_map_base: 0x00007f1244fe6000

Polling page: 0x00007f12458f8000

CodeCache: size=245760Kb used=2337Kb max_used=2337Kb free=243422Kb
 bounds [0x00007f122d000000, 0x00007f122d270000, 0x00007f123c000000]
 total_blobs=779 nmethods=493 adapters=201
 compilation: enabled

Compilation events (10 events):
Event: 2.183 Thread 0x00007f123c0a6000  502       2       java.util.ArrayList::rangeCheck (22 bytes)
Event: 2.183 Thread 0x00007f123c0a6000 nmethod 502 0x00007f122d244490 code [0x00007f122d244640, 0x00007f122d244a48]
Event: 2.183 Thread 0x00007f123c0a6000  503       2       java.util.ArrayList::elementData (7 bytes)
Event: 2.184 Thread 0x00007f123c0a6000 nmethod 503 0x00007f122d244d50 code [0x00007f122d244ec0, 0x00007f122d245030]
Event: 2.247 Thread 0x00007f123c0a6000  504       2       java.util.Arrays::copyOf (13 bytes)
Event: 2.253 Thread 0x00007f123c0a6000 nmethod 504 0x00007f122d245110 code [0x00007f122d245280, 0x00007f122d2453e0]
Event: 2.253 Thread 0x00007f123c0a6000  506       3       java.util.ComparableTimSort::mergeLo (656 bytes)
Event: 2.255 Thread 0x00007f123c0a6000 nmethod 506 0x00007f122d245490 code [0x00007f122d2457e0, 0x00007f122d247b68]
Event: 2.255 Thread 0x00007f123c0a6000  505       2       java.util.ArrayList::grow (45 bytes)
Event: 2.256 Thread 0x00007f123c0a6000 nmethod 505 0x00007f122d248910 code [0x00007f122d248a80, 0x00007f122d248cf0]

GC Heap History (10 events):
Event: 1.517 GC heap after
Heap after GC invocations=8 (full 0):
 def new generation   total 2432K, used 256K [0x00000000f0600000, 0x00000000f08a0000, 0x00000000f5950000)
  eden space 2176K,   0% used [0x00000000f0600000, 0x00000000f0600000, 0x00000000f0820000)
  from space 256K, 100% used [0x00000000f0820000, 0x00000000f0860000, 0x00000000f0860000)
  to   space 256K,   0% used [0x00000000f0860000, 0x00000000f0860000, 0x00000000f08a0000)
 tenured generation   total 5504K, used 1953K [0x00000000f5950000, 0x00000000f5eb0000, 0x0000000100000000)
   the space 5504K,  35% used [0x00000000f5950000, 0x00000000f5b38590, 0x00000000f5b38600, 0x00000000f5eb0000)
 Metaspace       used 7150K, capacity 7988K, committed 8064K, reserved 1056768K
  class space    used 869K, capacity 880K, committed 896K, reserved 1048576K
}
Event: 1.595 GC heap before
{Heap before GC invocations=8 (full 0):
 def new generation   total 2432K, used 1206K [0x00000000f0600000, 0x00000000f08a0000, 0x00000000f5950000)
  eden space 2176K,  43% used [0x00000000f0600000, 0x00000000f06ed890, 0x00000000f0820000)
  from space 256K, 100% used [0x00000000f0820000, 0x00000000f0860000, 0x00000000f0860000)
  to   space 256K,   0% used [0x00000000f0860000, 0x00000000f0860000, 0x00000000f08a0000)
 tenured generation   total 5504K, used 1953K [0x00000000f5950000, 0x00000000f5eb0000, 0x0000000100000000)
   the space 5504K,  35% used [0x00000000f5950000, 0x00000000f5b38590, 0x00000000f5b38600, 0x00000000f5eb0000)
 Metaspace       used 7277K, capacity 8084K, committed 8448K, reserved 1056768K
  class space    used 880K, capacity 912K, committed 1024K, reserved 1048576K
Event: 1.596 GC heap after
Heap after GC invocations=9 (full 0):
 def new generation   total 2432K, used 256K [0x00000000f0600000, 0x00000000f08a0000, 0x00000000f5950000)
  eden space 2176K,   0% used [0x00000000f0600000, 0x00000000f0600000, 0x00000000f0820000)
  from space 256K, 100% used [0x00000000f0860000, 0x00000000f08a0000, 0x00000000f08a0000)
  to   space 256K,   0% used [0x00000000f0820000, 0x00000000f0820000, 0x00000000f0860000)
 tenured generation   total 5504K, used 2303K [0x00000000f5950000, 0x00000000f5eb0000, 0x0000000100000000)
   the space 5504K,  41% used [0x00000000f5950000, 0x00000000f5b8ff70, 0x00000000f5b90000, 0x00000000f5eb0000)
 Metaspace       used 7277K, capacity 8084K, committed 8448K, reserved 1056768K
  class space    used 880K, capacity 912K, committed 1024K, reserved 1048576K
}
Event: 1.616 GC heap before
{Heap before GC invocations=9 (full 0):
 def new generation   total 2432K, used 2432K [0x00000000f0600000, 0x00000000f08a0000, 0x00000000f5950000)
  eden space 2176K, 100% used [0x00000000f0600000, 0x00000000f0820000, 0x00000000f0820000)
  from space 256K, 100% used [0x00000000f0860000, 0x00000000f08a0000, 0x00000000f08a0000)
  to   space 256K,   0% used [0x00000000f0820000, 0x00000000f0820000, 0x00000000f0860000)
 tenured generation   total 5504K, used 2303K [0x00000000f5950000, 0x00000000f5eb0000, 0x0000000100000000)
   the space 5504K,  41% used [0x00000000f5950000, 0x00000000f5b8ff70, 0x00000000f5b90000, 0x00000000f5eb0000)
 Metaspace       used 7281K, capacity 8084K, committed 8448K, reserved 1056768K
  class space    used 880K, capacity 912K, committed 1024K, reserved 1048576K
Event: 1.618 GC heap after
Heap after GC invocations=10 (full 0):
 def new generation   total 2432K, used 255K [0x00000000f0600000, 0x00000000f08a0000, 0x00000000f5950000)
  eden space 2176K,   0% used [0x00000000f0600000, 0x00000000f0600000, 0x00000000f0820000)
  from space 256K,  99% used [0x00000000f0820000, 0x00000000f085fff8, 0x00000000f0860000)
  to   space 256K,   0% used [0x00000000f0860000, 0x00000000f0860000, 0x00000000f08a0000)
 tenured generation   total 5504K, used 4333K [0x00000000f5950000, 0x00000000f5eb0000, 0x0000000100000000)
   the space 5504K,  78% used [0x00000000f5950000, 0x00000000f5d8b538, 0x00000000f5d8b600, 0x00000000f5eb0000)
 Metaspace       used 7281K, capacity 8084K, committed 8448K, reserved 1056768K
  class space    used 880K, capacity 912K, committed 1024K, reserved 1048576K
}
Event: 1.641 GC heap before
{Heap before GC invocations=10 (full 0):
 def new generation   total 2432K, used 2399K [0x00000000f0600000, 0x00000000f08a0000, 0x00000000f5950000)
  eden space 2176K,  98% used [0x00000000f0600000, 0x00000000f0817cd0, 0x00000000f0820000)
  from space 256K,  99% used [0x00000000f0820000, 0x00000000f085fff8, 0x00000000f0860000)
  to   space 256K,   0% used [0x00000000f0860000, 0x00000000f0860000, 0x00000000f08a0000)
 tenured generation   total 5504K, used 4333K [0x00000000f5950000, 0x00000000f5eb0000, 0x0000000100000000)
   the space 5504K,  78% used [0x00000000f5950000, 0x00000000f5d8b538, 0x00000000f5d8b600, 0x00000000f5eb0000)
 Metaspace       used 7283K, capacity 8084K, committed 8448K, reserved 1056768K
  class space    used 880K, capacity 912K, committed 1024K, reserved 1048576K
Event: 1.657 GC heap after
Heap after GC invocations=11 (full 1):
 def new generation   total 4480K, used 0K [0x00000000f0600000, 0x00000000f0ad0000, 0x00000000f5950000)
  eden space 4032K,   0% used [0x00000000f0600000, 0x00000000f0600000, 0x00000000f09f0000)
  from space 448K,   0% used [0x00000000f09f0000, 0x00000000f09f0000, 0x00000000f0a60000)
  to   space 448K,   0% used [0x00000000f0a60000, 0x00000000f0a60000, 0x00000000f0ad0000)
 tenured generation   total 9796K, used 5876K [0x00000000f5950000, 0x00000000f62e1000, 0x0000000100000000)
   the space 9796K,  59% used [0x00000000f5950000, 0x00000000f5f0d3e8, 0x00000000f5f0d400, 0x00000000f62e1000)
 Metaspace       used 7283K, capacity 8084K, committed 8448K, reserved 1056768K
  class space    used 880K, capacity 912K, committed 1024K, reserved 1048576K
}
Event: 1.756 GC heap before
{Heap before GC invocations=11 (full 1):
 def new generation   total 4480K, used 4032K [0x00000000f0600000, 0x00000000f0ad0000, 0x00000000f5950000)
  eden space 4032K, 100% used [0x00000000f0600000, 0x00000000f09f0000, 0x00000000f09f0000)
  from space 448K,   0% used [0x00000000f09f0000, 0x00000000f09f0000, 0x00000000f0a60000)
  to   space 448K,   0% used [0x00000000f0a60000, 0x00000000f0a60000, 0x00000000f0ad0000)
 tenured generation   total 9796K, used 5876K [0x00000000f5950000, 0x00000000f62e1000, 0x0000000100000000)
   the space 9796K,  59% used [0x00000000f5950000, 0x00000000f5f0d3e8, 0x00000000f5f0d400, 0x00000000f62e1000)
 Metaspace       used 7300K, capacity 8116K, committed 8448K, reserved 1056768K
  class space    used 881K, capacity 944K, committed 1024K, reserved 1048576K
Event: 1.764 GC heap after
Heap after GC invocations=12 (full 1):
 def new generation   total 4480K, used 448K [0x00000000f0600000, 0x00000000f0ad0000, 0x00000000f5950000)
  eden space 4032K,   0% used [0x00000000f0600000, 0x00000000f0600000, 0x00000000f09f0000)
  from space 448K, 100% used [0x00000000f0a60000, 0x00000000f0ad0000, 0x00000000f0ad0000)
  to   space 448K,   0% used [0x00000000f09f0000, 0x00000000f09f0000, 0x00000000f0a60000)
 tenured generation   total 9796K, used 8009K [0x00000000f5950000, 0x00000000f62e1000, 0x0000000100000000)
   the space 9796K,  81% used [0x00000000f5950000, 0x00000000f6122790, 0x00000000f6122800, 0x00000000f62e1000)
 Metaspace       used 7300K, capacity 8116K, committed 8448K, reserved 1056768K
  class space    used 881K, capacity 944K, committed 1024K, reserved 1048576K
}
Event: 2.342 GC heap before
{Heap before GC invocations=12 (full 1):
 def new generation   total 4480K, used 4480K [0x00000000f0600000, 0x00000000f0ad0000, 0x00000000f5950000)
  eden space 4032K, 100% used [0x00000000f0600000, 0x00000000f09f0000, 0x00000000f09f0000)
  from space 448K, 100% used [0x00000000f0a60000, 0x00000000f0ad0000, 0x00000000f0ad0000)
  to   space 448K,   0% used [0x00000000f09f0000, 0x00000000f09f0000, 0x00000000f0a60000)
 tenured generation   total 9796K, used 8009K [0x00000000f5950000, 0x00000000f62e1000, 0x0000000100000000)
   the space 9796K,  81% used [0x00000000f5950000, 0x00000000f6122790, 0x00000000f6122800, 0x00000000f62e1000)
 Metaspace       used 7313K, capacity 8116K, committed 8448K, reserved 1056768K
  class space    used 882K, capacity 944K, committed 1024K, reserved 1048576K

Deoptimization events (1 events):
Event: 0.993 Thread 0x00007f123c009800 Uncommon trap: reason=class_check action=maybe_recompile pc=0x00007f122d1bb850 method=sun.misc.URLClassPath.getLoader(I)Lsun/misc/URLClassPath$Loader; @ 94

Internal exceptions (10 events):
Event: 1.524 Thread 0x00007f123c009800 Exception <a 'java/security/PrivilegedActionException'> (0x00000000f060c178) thrown at [/HUDSON/workspace/8-2-build-linux-amd64/jdk8u20/1074/hotspot/src/share/vm/prims/jvm.cpp, line 1275]
Event: 1.563 Thread 0x00007f123c009800 Exception <a 'java/security/PrivilegedActionException'> (0x00000000f0681238) thrown at [/HUDSON/workspace/8-2-build-linux-amd64/jdk8u20/1074/hotspot/src/share/vm/prims/jvm.cpp, line 1275]
Event: 1.565 Thread 0x00007f123c009800 Exception <a 'java/security/PrivilegedActionException'> (0x00000000f06839f0) thrown at [/HUDSON/workspace/8-2-build-linux-amd64/jdk8u20/1074/hotspot/src/share/vm/prims/jvm.cpp, line 1275]
Event: 1.572 Thread 0x00007f123c009800 Exception <a 'java/security/PrivilegedActionException'> (0x00000000f0690538) thrown at [/HUDSON/workspace/8-2-build-linux-amd64/jdk8u20/1074/hotspot/src/share/vm/prims/jvm.cpp, line 1275]
Event: 1.575 Thread 0x00007f123c009800 Exception <a 'java/security/PrivilegedActionException'> (0x00000000f0694ee8) thrown at [/HUDSON/workspace/8-2-build-linux-amd64/jdk8u20/1074/hotspot/src/share/vm/prims/jvm.cpp, line 1275]
Event: 1.576 Thread 0x00007f123c009800 Exception <a 'java/security/PrivilegedActionException'> (0x00000000f0699358) thrown at [/HUDSON/workspace/8-2-build-linux-amd64/jdk8u20/1074/hotspot/src/share/vm/prims/jvm.cpp, line 1275]
Event: 1.715 Thread 0x00007f123c009800 Exception <a 'java/io/FileNotFoundException'> (0x00000000f061b4f0) thrown at [/HUDSON/workspace/8-2-build-linux-amd64/jdk8u20/1074/hotspot/src/share/vm/prims/jni.cpp, line 716]
Event: 1.715 Thread 0x00007f123c009800 Exception <a 'java/security/PrivilegedActionException'> (0x00000000f061c000) thrown at [/HUDSON/workspace/8-2-build-linux-amd64/jdk8u20/1074/hotspot/src/share/vm/prims/jvm.cpp, line 1275]
Event: 1.724 Thread 0x00007f123c009800 Exception <a 'java/io/FileNotFoundException'> (0x00000000f064fab8) thrown at [/HUDSON/workspace/8-2-build-linux-amd64/jdk8u20/1074/hotspot/src/share/vm/prims/jni.cpp, line 716]
Event: 2.180 Thread 0x00007f123c009800 Exception <a 'java/security/PrivilegedActionException'> (0x00000000f0780c28) thrown at [/HUDSON/workspace/8-2-build-linux-amd64/jdk8u20/1074/hotspot/src/share/vm/prims/jvm.cpp, line 1275]

Events (10 events):
Event: 1.678 Thread 0x00007f123c009800 DEOPT UNPACKING pc=0x00007f122d047373 sp=0x00007f12458ed6b0 mode 0
Event: 1.715 loading class com/sun/tools/javac/file/JavacFileManager$MissingArchive
Event: 1.715 loading class com/sun/tools/javac/file/JavacFileManager$MissingArchive done
Event: 1.756 Executing VM operation: GenCollectForAllocation
Event: 1.764 Executing VM operation: GenCollectForAllocation done
Event: 2.180 loading class com/sun/tools/javac/file/ZipFileIndexArchive$ZipFileIndexFileObject
Event: 2.180 loading class com/sun/tools/javac/file/ZipFileIndexArchive$ZipFileIndexFileObject done
Event: 2.248 Thread 0x00007f123c009800 DEOPT PACKING pc=0x00007f122d232bf5 sp=0x00007f12458ed830
Event: 2.248 Thread 0x00007f123c009800 DEOPT UNPACKING pc=0x00007f122d047373 sp=0x00007f12458ed5b8 mode 0
Event: 2.341 Executing VM operation: GenCollectForAllocation


Dynamic libraries:
00400000-00401000 r-xp 00000000 ca:01 153731                             /usr/lib/jvm/java-8-oracle/bin/javac
00600000-00601000 rw-p 00000000 ca:01 153731                             /usr/lib/jvm/java-8-oracle/bin/javac
01eec000-01f0d000 rw-p 00000000 00:00 0                                  [heap]
f0600000-f0ad0000 rw-p 00000000 00:00 0 
f0ad0000-f5950000 ---p 00000000 00:00 0 
f5950000-f6311000 rw-p 00000000 00:00 0 
f6783000-100000000 ---p 00000000 00:00 0 
100000000-100100000 rw-p 00000000 00:00 0 
100100000-140000000 ---p 00000000 00:00 0 
7f1210000000-7f12103bb000 rw-p 00000000 00:00 0 
7f12103bb000-7f1214000000 ---p 00000000 00:00 0 
7f1214000000-7f1214021000 rw-p 00000000 00:00 0 
7f1214021000-7f1218000000 ---p 00000000 00:00 0 
7f1218000000-7f1218021000 rw-p 00000000 00:00 0 
7f1218021000-7f121c000000 ---p 00000000 00:00 0 
7f121c000000-7f121c955000 rw-p 00000000 00:00 0 
7f121c955000-7f1220000000 ---p 00000000 00:00 0 
7f1220000000-7f1220021000 rw-p 00000000 00:00 0 
7f1220021000-7f1224000000 ---p 00000000 00:00 0 
7f1224000000-7f1224021000 rw-p 00000000 00:00 0 
7f1224021000-7f1228000000 ---p 00000000 00:00 0 
7f1228000000-7f12282a6000 rw-p 00000000 00:00 0 
7f12282a6000-7f122c000000 ---p 00000000 00:00 0 
7f122d000000-7f122d270000 rwxp 00000000 00:00 0 
7f122d270000-7f123c000000 ---p 00000000 00:00 0 
7f123c000000-7f123c70b000 rw-p 00000000 00:00 0 
7f123c70b000-7f1240000000 ---p 00000000 00:00 0 
7f1240cee000-7f1240cef000 rw-p 00000000 00:00 0 
7f1240cef000-7f1240cf1000 r--s 0000d000 ca:01 397816                     /home/ubuntu/.ivy2/cache/commons-logging/commons-logging/jars/commons-logging-1.1.1.jar
7f1240cf1000-7f1240cf9000 r--s 00040000 ca:01 400968                     /home/ubuntu/.ivy2/cache/org.apache.httpcomponents/httpclient/jars/httpclient-4.0.1.jar
7f1240cf9000-7f1240cfe000 r--s 00026000 ca:01 400967                     /home/ubuntu/.ivy2/cache/org.apache.httpcomponents/httpcore/jars/httpcore-4.0.1.jar
7f1240cfe000-7f1240cff000 r--s 00001000 ca:01 400966                     /home/ubuntu/.ivy2/cache/oauth.signpost/signpost-commonshttp4/jars/signpost-commonshttp4-1.2.1.2.jar
7f1240cff000-7f1240d02000 r--s 00009000 ca:01 400964                     /home/ubuntu/.ivy2/cache/oauth.signpost/signpost-core/jars/signpost-core-1.2.1.2.jar
7f1240d02000-7f1240d0c000 r--s 00078000 ca:01 272558                     /home/ubuntu/.ivy2/cache/com.ning/async-http-client/jars/async-http-client-1.8.14.jar
7f1240d0c000-7f1240d37000 r--s 001f5000 ca:01 399248                     /home/ubuntu/.ivy2/cache/com.google.guava/guava/bundles/guava-16.0.1.jar
7f1240d37000-7f1240d43000 r--s 00087000 ca:01 400928                     /home/ubuntu/.ivy2/cache/com.typesafe.play/play-ws_2.11/jars/play-ws_2.11-2.3.5.jar
7f1240d43000-7f1240d5e000 r--s 0012e000 ca:01 400962                     /home/ubuntu/.ivy2/cache/net.sf.ehcache/ehcache-core/jars/ehcache-core-2.6.8.jar
7f1240d5e000-7f1240d60000 r--s 00009000 ca:01 400926                     /home/ubuntu/.ivy2/cache/com.typesafe.play/play-cache_2.11/jars/play-cache_2.11-2.3.5.jar
7f1240d60000-7f1240d68000 r--s 00061000 ca:01 400924                     /home/ubuntu/.ivy2/cache/com.typesafe.play/anorm_2.11/jars/anorm_2.11-2.3.5.jar
7f1240d68000-7f1240d6d000 r--s 0002d000 ca:01 400960                     /home/ubuntu/.ivy2/cache/tyrex/tyrex/jars/tyrex-1.0.1.jar
7f1240d6d000-7f1240d7a000 r--s 00183000 ca:01 399252                     /home/ubuntu/.ivy2/cache/com.h2database/h2/jars/h2-1.3.175.jar
7f1240d7a000-7f1240d7d000 r--s 00019000 ca:01 400958                     /home/ubuntu/.ivy2/cache/com.jolbox/bonecp/bundles/bonecp-0.8.0.RELEASE.jar
7f1240d7d000-7f1240d83000 r--s 0002b000 ca:01 400922                     /home/ubuntu/.ivy2/cache/com.typesafe.play/play-jdbc_2.11/jars/play-jdbc_2.11-2.3.5.jar
7f1240d83000-7f1240d84000 r--s 00003000 ca:01 400952                     /home/ubuntu/.ivy2/cache/javax.transaction/jta/jars/jta-1.1.jar
7f1240d84000-7f1240d8d000 r--s 0002d000 ca:01 399452                     /home/ubuntu/.ivy2/cache/xml-apis/xml-apis/jars/xml-apis-1.4.01.jar
7f1240d8d000-7f1240da6000 r--s 00135000 ca:01 399440                     /home/ubuntu/.ivy2/cache/xerces/xercesImpl/jars/xercesImpl-2.11.0.jar
7f1240da6000-7f1240dad000 r--s 0003a000 ca:01 399436                     /home/ubuntu/.ivy2/cache/commons-codec/commons-codec/jars/commons-codec-1.9.jar
7f1240dad000-7f1240dae000 r--s 00003000 ca:01 400941                     /home/ubuntu/.ivy2/cache/com.typesafe.akka/akka-slf4j_2.11/jars/akka-slf4j_2.11-2.3.4.jar
7f1240dae000-7f1240dd3000 r--s 00242000 ca:01 400939                     /home/ubuntu/.ivy2/cache/com.typesafe.akka/akka-actor_2.11/jars/akka-actor_2.11-2.3.4.jar
7f1240dd3000-7f1240dd9000 r--s 0003d000 ca:01 400938                     /home/ubuntu/.ivy2/cache/ch.qos.logback/logback-classic/jars/logback-classic-1.1.1.jar
7f1240dd9000-7f1240de3000 r--s 0005f000 ca:01 400936                     /home/ubuntu/.ivy2/cache/ch.qos.logback/logback-core/jars/logback-core-1.1.1.jar
7f1240de3000-7f1240de5000 r--s 00003000 ca:01 272557                     /home/ubuntu/.ivy2/cache/org.slf4j/jcl-over-slf4j/jars/jcl-over-slf4j-1.7.6.jar
7f1240de5000-7f1240de6000 r--s 00001000 ca:01 272555                     /home/ubuntu/.ivy2/cache/org.slf4j/jul-to-slf4j/jars/jul-to-slf4j-1.7.6.jar
7f1240de6000-7f1240de8000 r--s 00006000 ca:01 272553                     /home/ubuntu/.ivy2/cache/org.slf4j/slf4j-api/jars/slf4j-api-1.7.6.jar
7f1240de8000-7f1240e01000 r--s 00125000 ca:01 272552                     /home/ubuntu/.ivy2/cache/io.netty/netty/bundles/netty-3.9.3.Final.jar
7f1240e01000-7f1240e0c000 r--s 0005c000 ca:01 398364                     /home/ubuntu/.ivy2/cache/org.scala-lang.modules/scala-parser-combinators_2.11/bundles/scala-parser-combinators_2.11-1.0.1.jar
7f1240e0c000-7f1240e57000 r--s 003e1000 ca:01 398435                     /home/ubuntu/.ivy2/cache/org.scala-lang/scala-reflect/jars/scala-reflect-2.11.1.jar
7f1240e57000-7f1240e68000 r--s 000cf000 ca:01 400950                     /home/ubuntu/.ivy2/cache/com.fasterxml.jackson.core/jackson-databind/bundles/jackson-databind-2.3.2.jar
7f1240e68000-7f1240e6b000 r--s 0002e000 ca:01 400948                     /home/ubuntu/.ivy2/cache/com.fasterxml.jackson.core/jackson-core/bundles/jackson-core-2.3.2.jar
7f1240e6b000-7f1240e6d000 r--s 00007000 ca:01 400949                     /home/ubuntu/.ivy2/cache/com.fasterxml.jackson.core/jackson-annotations/bundles/jackson-annotations-2.3.2.jar
7f1240e6d000-7f1240e71000 r--s 00015000 ca:01 400947                     /home/ubuntu/.ivy2/cache/org.joda/joda-convert/jars/joda-convert-1.6.jar
7f1240e71000-7f1240e80000 r--s 0007f000 ca:01 400945                     /home/ubuntu/.ivy2/cache/joda-time/joda-time/jars/joda-time-2.3.jar
7f1240e80000-7f1240e89000 r--s 00053000 ca:01 400954                     /home/ubuntu/.ivy2/cache/com.typesafe.play/play-functional_2.11/jars/play-functional_2.11-2.3.5.jar
7f1240e89000-7f1240e94000 r--s 0008f000 ca:01 400932                     /home/ubuntu/.ivy2/cache/com.typesafe.play/play-json_2.11/jars/play-json_2.11-2.3.5.jar
7f1240e94000-7f1240e9d000 r--s 00091000 ca:01 400943                     /home/ubuntu/.ivy2/cache/org.scala-stm/scala-stm_2.11/jars/scala-stm_2.11-0.7.jar
7f1240e9d000-7f1240eaf000 r--s 000a1000 ca:01 400930                     /home/ubuntu/.ivy2/cache/com.typesafe.play/play-iteratees_2.11/jars/play-iteratees_2.11-2.3.5.jar
7f1240eaf000-7f1240eb9000 r--s 000a5000 ca:01 399254                     /home/ubuntu/.ivy2/cache/org.javassist/javassist/bundles/javassist-3.18.2-GA.jar
7f1240eb9000-7f1240f05000 r--s 0034c000 ca:01 400920                     /home/ubuntu/.ivy2/cache/com.typesafe.play/play_2.11/jars/play_2.11-2.3.5.jar
7f1240f05000-7f1240f5e000 r--s 004f0000 ca:01 271672                     /home/ubuntu/.ivy2/cache/org.scala-lang/scala-library/jars/scala-library-2.11.1.jar
7f1240f5e000-7f1240fd7000 r--s 010df000 ca:01 153801                     /usr/lib/jvm/java-8-oracle/lib/tools.jar
7f1240fd7000-7f1240fd8000 ---p 00000000 00:00 0 
7f1240fd8000-7f12410d8000 rw-p 00000000 00:00 0                          [stack:23094]
7f12410d8000-7f12410db000 ---p 00000000 00:00 0 
7f12410db000-7f12411d9000 rw-p 00000000 00:00 0                          [stack:23093]
7f12411d9000-7f12411dc000 ---p 00000000 00:00 0 
7f12411dc000-7f12412da000 rw-p 00000000 00:00 0                          [stack:23092]
7f12412da000-7f12412dd000 ---p 00000000 00:00 0 
7f12412dd000-7f12413db000 rw-p 00000000 00:00 0                          [stack:23091]
7f12413db000-7f12413de000 ---p 00000000 00:00 0 
7f12413de000-7f12414dc000 rw-p 00000000 00:00 0                          [stack:23090]
7f12414dc000-7f12417d9000 r--p 00000000 ca:01 1579                       /usr/lib/locale/locale-archive
7f12417d9000-7f12417dc000 ---p 00000000 00:00 0 
7f12417dc000-7f12418da000 rw-p 00000000 00:00 0                          [stack:23089]
7f12418da000-7f12418dd000 ---p 00000000 00:00 0 
7f12418dd000-7f12419db000 rw-p 00000000 00:00 0                          [stack:23088]
7f12419db000-7f12419dc000 ---p 00000000 00:00 0 
7f12419dc000-7f1241b2b000 rw-p 00000000 00:00 0                          [stack:23087]
7f1241b2b000-7f1241d01000 r--s 03ca8000 ca:01 270255                     /usr/lib/jvm/java-8-oracle/jre/lib/rt.jar
7f1241d01000-7f124253a000 rw-p 00000000 00:00 0 
7f124253a000-7f12425fa000 ---p 00000000 00:00 0 
7f12425fa000-7f1242604000 rw-p 00000000 00:00 0 
7f1242604000-7f12429ba000 ---p 00000000 00:00 0 
7f12429ba000-7f12429d4000 r-xp 00000000 ca:01 270392                     /usr/lib/jvm/java-8-oracle/jre/lib/amd64/libzip.so
7f12429d4000-7f1242bd4000 ---p 0001a000 ca:01 270392                     /usr/lib/jvm/java-8-oracle/jre/lib/amd64/libzip.so
7f1242bd4000-7f1242bd5000 rw-p 0001a000 ca:01 270392                     /usr/lib/jvm/java-8-oracle/jre/lib/amd64/libzip.so
7f1242bd5000-7f1242be0000 r-xp 00000000 ca:01 396046                     /lib/x86_64-linux-gnu/libnss_files-2.19.so
7f1242be0000-7f1242ddf000 ---p 0000b000 ca:01 396046                     /lib/x86_64-linux-gnu/libnss_files-2.19.so
7f1242ddf000-7f1242de0000 r--p 0000a000 ca:01 396046                     /lib/x86_64-linux-gnu/libnss_files-2.19.so
7f1242de0000-7f1242de1000 rw-p 0000b000 ca:01 396046                     /lib/x86_64-linux-gnu/libnss_files-2.19.so
7f1242de1000-7f1242dec000 r-xp 00000000 ca:01 396048                     /lib/x86_64-linux-gnu/libnss_nis-2.19.so
7f1242dec000-7f1242feb000 ---p 0000b000 ca:01 396048                     /lib/x86_64-linux-gnu/libnss_nis-2.19.so
7f1242feb000-7f1242fec000 r--p 0000a000 ca:01 396048                     /lib/x86_64-linux-gnu/libnss_nis-2.19.so
7f1242fec000-7f1242fed000 rw-p 0000b000 ca:01 396048                     /lib/x86_64-linux-gnu/libnss_nis-2.19.so
7f1242fed000-7f1243004000 r-xp 00000000 ca:01 396043                     /lib/x86_64-linux-gnu/libnsl-2.19.so
7f1243004000-7f1243203000 ---p 00017000 ca:01 396043                     /lib/x86_64-linux-gnu/libnsl-2.19.so
7f1243203000-7f1243204000 r--p 00016000 ca:01 396043                     /lib/x86_64-linux-gnu/libnsl-2.19.so
7f1243204000-7f1243205000 rw-p 00017000 ca:01 396043                     /lib/x86_64-linux-gnu/libnsl-2.19.so
7f1243205000-7f1243207000 rw-p 00000000 00:00 0 
7f1243207000-7f1243210000 r-xp 00000000 ca:01 396044                     /lib/x86_64-linux-gnu/libnss_compat-2.19.so
7f1243210000-7f124340f000 ---p 00009000 ca:01 396044                     /lib/x86_64-linux-gnu/libnss_compat-2.19.so
7f124340f000-7f1243410000 r--p 00008000 ca:01 396044                     /lib/x86_64-linux-gnu/libnss_compat-2.19.so
7f1243410000-7f1243411000 rw-p 00009000 ca:01 396044                     /lib/x86_64-linux-gnu/libnss_compat-2.19.so
7f1243411000-7f124343b000 r-xp 00000000 ca:01 270393                     /usr/lib/jvm/java-8-oracle/jre/lib/amd64/libjava.so
7f124343b000-7f124363b000 ---p 0002a000 ca:01 270393                     /usr/lib/jvm/java-8-oracle/jre/lib/amd64/libjava.so
7f124363b000-7f124363d000 rw-p 0002a000 ca:01 270393                     /usr/lib/jvm/java-8-oracle/jre/lib/amd64/libjava.so
7f124363d000-7f124364a000 r-xp 00000000 ca:01 270402                     /usr/lib/jvm/java-8-oracle/jre/lib/amd64/libverify.so
7f124364a000-7f124384a000 ---p 0000d000 ca:01 270402                     /usr/lib/jvm/java-8-oracle/jre/lib/amd64/libverify.so
7f124384a000-7f124384c000 rw-p 0000d000 ca:01 270402                     /usr/lib/jvm/java-8-oracle/jre/lib/amd64/libverify.so
7f124384c000-7f1243853000 r-xp 00000000 ca:01 396068                     /lib/x86_64-linux-gnu/librt-2.19.so
7f1243853000-7f1243a52000 ---p 00007000 ca:01 396068                     /lib/x86_64-linux-gnu/librt-2.19.so
7f1243a52000-7f1243a53000 r--p 00006000 ca:01 396068                     /lib/x86_64-linux-gnu/librt-2.19.so
7f1243a53000-7f1243a54000 rw-p 00007000 ca:01 396068                     /lib/x86_64-linux-gnu/librt-2.19.so
7f1243a54000-7f1243b59000 r-xp 00000000 ca:01 396035                     /lib/x86_64-linux-gnu/libm-2.19.so
7f1243b59000-7f1243d58000 ---p 00105000 ca:01 396035                     /lib/x86_64-linux-gnu/libm-2.19.so
7f1243d58000-7f1243d59000 r--p 00104000 ca:01 396035                     /lib/x86_64-linux-gnu/libm-2.19.so
7f1243d59000-7f1243d5a000 rw-p 00105000 ca:01 396035                     /lib/x86_64-linux-gnu/libm-2.19.so
7f1243d5a000-7f12449c4000 r-xp 00000000 ca:01 270427                     /usr/lib/jvm/java-8-oracle/jre/lib/amd64/server/libjvm.so
7f12449c4000-7f1244bc3000 ---p 00c6a000 ca:01 270427                     /usr/lib/jvm/java-8-oracle/jre/lib/amd64/server/libjvm.so
7f1244bc3000-7f1244c9a000 rw-p 00c69000 ca:01 270427                     /usr/lib/jvm/java-8-oracle/jre/lib/amd64/server/libjvm.so
7f1244c9a000-7f1244cdc000 rw-p 00000000 00:00 0 
7f1244cdc000-7f1244e97000 r-xp 00000000 ca:01 396012                     /lib/x86_64-linux-gnu/libc-2.19.so
7f1244e97000-7f1245097000 ---p 001bb000 ca:01 396012                     /lib/x86_64-linux-gnu/libc-2.19.so
7f1245097000-7f124509b000 r--p 001bb000 ca:01 396012                     /lib/x86_64-linux-gnu/libc-2.19.so
7f124509b000-7f124509d000 rw-p 001bf000 ca:01 396012                     /lib/x86_64-linux-gnu/libc-2.19.so
7f124509d000-7f12450a2000 rw-p 00000000 00:00 0 
7f12450a2000-7f12450a5000 r-xp 00000000 ca:01 396021                     /lib/x86_64-linux-gnu/libdl-2.19.so
7f12450a5000-7f12452a4000 ---p 00003000 ca:01 396021                     /lib/x86_64-linux-gnu/libdl-2.19.so
7f12452a4000-7f12452a5000 r--p 00002000 ca:01 396021                     /lib/x86_64-linux-gnu/libdl-2.19.so
7f12452a5000-7f12452a6000 rw-p 00003000 ca:01 396021                     /lib/x86_64-linux-gnu/libdl-2.19.so
7f12452a6000-7f12452bb000 r-xp 00000000 ca:01 153804                     /usr/lib/jvm/java-8-oracle/lib/amd64/jli/libjli.so
7f12452bb000-7f12454ba000 ---p 00015000 ca:01 153804                     /usr/lib/jvm/java-8-oracle/lib/amd64/jli/libjli.so
7f12454ba000-7f12454bb000 rw-p 00014000 ca:01 153804                     /usr/lib/jvm/java-8-oracle/lib/amd64/jli/libjli.so
7f12454bb000-7f12454d4000 r-xp 00000000 ca:01 396065                     /lib/x86_64-linux-gnu/libpthread-2.19.so
7f12454d4000-7f12456d3000 ---p 00019000 ca:01 396065                     /lib/x86_64-linux-gnu/libpthread-2.19.so
7f12456d3000-7f12456d4000 r--p 00018000 ca:01 396065                     /lib/x86_64-linux-gnu/libpthread-2.19.so
7f12456d4000-7f12456d5000 rw-p 00019000 ca:01 396065                     /lib/x86_64-linux-gnu/libpthread-2.19.so
7f12456d5000-7f12456d9000 rw-p 00000000 00:00 0 
7f12456d9000-7f12456fc000 r-xp 00000000 ca:01 396002                     /lib/x86_64-linux-gnu/ld-2.19.so
7f12456fc000-7f12456fd000 r--s 00001000 ca:01 400934                     /home/ubuntu/.ivy2/cache/com.typesafe.netty/netty-http-pipelining/jars/netty-http-pipelining-1.1.2.jar
7f12456fd000-7f12456fe000 r--s 00001000 ca:01 400956                     /home/ubuntu/.ivy2/cache/com.typesafe.play/play-datacommons_2.11/jars/play-datacommons_2.11-2.3.5.jar
7f12456fe000-7f1245702000 r--s 00032000 ca:01 398388                     /home/ubuntu/.ivy2/cache/com.typesafe/config/bundles/config-1.2.1.jar
7f1245702000-7f1245704000 r--s 00000000 ca:01 399238                     /home/ubuntu/.ivy2/cache/com.typesafe.play/play-exceptions/jars/play-exceptions-2.3.5.jar
7f1245704000-7f124570f000 r--s 00096000 ca:01 398362                     /home/ubuntu/.ivy2/cache/org.scala-lang.modules/scala-xml_2.11/bundles/scala-xml_2.11-1.0.1.jar
7f124570f000-7f1245715000 r--s 00048000 ca:01 272551                     /home/ubuntu/.ivy2/cache/org.apache.commons/commons-lang3/jars/commons-lang3-3.1.jar
7f1245715000-7f124571a000 rw-p 00000000 00:00 0 
7f124571a000-7f1245769000 ---p 00000000 00:00 0 
7f1245769000-7f124576c000 rw-p 00000000 00:00 0 
7f124576c000-7f1245792000 ---p 00000000 00:00 0 
7f1245792000-7f1245798000 rw-p 00000000 00:00 0 
7f1245798000-7f12457e6000 ---p 00000000 00:00 0 
7f12457e6000-7f12457e7000 rw-p 00000000 00:00 0 
7f12457e7000-7f12457ef000 rw-s 00000000 ca:01 152798                     /tmp/hsperfdata_ubuntu/23081
7f12457ef000-7f12457f2000 ---p 00000000 00:00 0 
7f12457f2000-7f12458f4000 rw-p 00000000 00:00 0                          [stack:23086]
7f12458f4000-7f12458f5000 r--s 00002000 ca:01 399236                     /home/ubuntu/.ivy2/cache/com.typesafe.play/build-link/jars/build-link-2.3.5.jar
7f12458f5000-7f12458f7000 r--s 0000d000 ca:01 400918                     /home/ubuntu/.ivy2/cache/com.typesafe.play/twirl-api_2.11/jars/twirl-api_2.11-1.0.2.jar
7f12458f7000-7f12458f8000 rw-p 00000000 00:00 0 
7f12458f8000-7f12458f9000 ---p 00000000 00:00 0 
7f12458f9000-7f12458fb000 rw-p 00000000 00:00 0 
7f12458fb000-7f12458fc000 r--p 00022000 ca:01 396002                     /lib/x86_64-linux-gnu/ld-2.19.so
7f12458fc000-7f12458fd000 rw-p 00023000 ca:01 396002                     /lib/x86_64-linux-gnu/ld-2.19.so
7f12458fd000-7f12458fe000 rw-p 00000000 00:00 0 
7fffaedbc000-7fffaeddd000 rw-p 00000000 00:00 0                          [stack]
7fffaedfe000-7fffaee00000 r-xp 00000000 00:00 0                          [vdso]
ffffffffff600000-ffffffffff601000 r-xp 00000000 00:00 0                  [vsyscall]

VM Arguments:
jvm_args: -Dapplication.home=/usr/lib/jvm/java-8-oracle -Xms8m 
java_command: com.sun.tools.javac.Main @/tmp/sbt_d195d830/argfile
java_class_path (initial): /usr/lib/jvm/java-8-oracle/lib/tools.jar:/usr/lib/jvm/java-8-oracle/classes
Launcher Type: SUN_STANDARD

Environment Variables:
PATH=/home/ubuntu/bin:/usr/local/sbin:/usr/local/bin:/usr/sbin:/usr/bin:/sbin:/bin:/usr/games:/usr/local/games
SHELL=/bin/zsh

Signal Handlers:
SIGSEGV: [libjvm.so+0xa77530], sa_mask[0]=11111111011111111101111111111110, sa_flags=SA_RESTART|SA_SIGINFO
SIGBUS: [libjvm.so+0xa77530], sa_mask[0]=11111111011111111101111111111110, sa_flags=SA_RESTART|SA_SIGINFO
SIGFPE: [libjvm.so+0x8e1d90], sa_mask[0]=11111111011111111101111111111110, sa_flags=SA_RESTART|SA_SIGINFO
SIGPIPE: [libjvm.so+0x8e1d90], sa_mask[0]=11111111011111111101111111111110, sa_flags=SA_RESTART|SA_SIGINFO
SIGXFSZ: [libjvm.so+0x8e1d90], sa_mask[0]=11111111011111111101111111111110, sa_flags=SA_RESTART|SA_SIGINFO
SIGILL: [libjvm.so+0x8e1d90], sa_mask[0]=11111111011111111101111111111110, sa_flags=SA_RESTART|SA_SIGINFO
SIGUSR1: SIG_DFL, sa_mask[0]=00000000000000000000000000000000, sa_flags=none
SIGUSR2: [libjvm.so+0x8e35c0], sa_mask[0]=00100000000000000000000000000000, sa_flags=SA_RESTART|SA_SIGINFO
SIGHUP: [libjvm.so+0x8e4980], sa_mask[0]=11111111011111111101111111111110, sa_flags=SA_RESTART|SA_SIGINFO
SIGINT: [libjvm.so+0x8e4980], sa_mask[0]=11111111011111111101111111111110, sa_flags=SA_RESTART|SA_SIGINFO
SIGTERM: [libjvm.so+0x8e4980], sa_mask[0]=11111111011111111101111111111110, sa_flags=SA_RESTART|SA_SIGINFO
SIGQUIT: [libjvm.so+0x8e4980], sa_mask[0]=11111111011111111101111111111110, sa_flags=SA_RESTART|SA_SIGINFO


---------------  S Y S T E M  ---------------

OS:DISTRIB_ID=Ubuntu
DISTRIB_RELEASE=14.04
DISTRIB_CODENAME=trusty
DISTRIB_DESCRIPTION="Ubuntu 14.04.1 LTS"

uname:Linux 3.13.0-36-generic #63-Ubuntu SMP Wed Sep 3 21:30:07 UTC 2014 x86_64
libc:glibc 2.19 NPTL 2.19 
rlimit: STACK 8192k, CORE 0k, NPROC 7861, NOFILE 4096, AS infinity
load average:0.86 0.34 0.19

/proc/meminfo:
MemTotal:        1016256 kB
MemFree:           54944 kB
Buffers:             456 kB
Cached:            13316 kB
SwapCached:            0 kB
Active:           903904 kB
Inactive:          13172 kB
Active(anon):     903400 kB
Inactive(anon):      276 kB
Active(file):        504 kB
Inactive(file):    12896 kB
Unevictable:           0 kB
Mlocked:               0 kB
SwapTotal:             0 kB
SwapFree:              0 kB
Dirty:                76 kB
Writeback:             0 kB
AnonPages:        903336 kB
Mapped:             3416 kB
Shmem:               352 kB
Slab:              22788 kB
SReclaimable:      12476 kB
SUnreclaim:        10312 kB
KernelStack:        1192 kB
PageTables:         4980 kB
NFS_Unstable:          0 kB
Bounce:                0 kB
WritebackTmp:          0 kB
CommitLimit:      508128 kB
Committed_AS:    1348816 kB
VmallocTotal:   34359738367 kB
VmallocUsed:        2368 kB
VmallocChunk:   34359729899 kB
HardwareCorrupted:     0 kB
AnonHugePages:    290816 kB
HugePages_Total:       0
HugePages_Free:        0
HugePages_Rsvd:        0
HugePages_Surp:        0
Hugepagesize:       2048 kB
DirectMap4k:       24576 kB
DirectMap2M:     1155072 kB


CPU:total 1 (1 cores per cpu, 1 threads per core) family 6 model 62 stepping 4, cmov, cx8, fxsr, mmx, sse, sse2, sse3, ssse3, sse4.1, sse4.2, popcnt, avx, aes, clmul, erms, tsc

/proc/cpuinfo:
processor	: 0
vendor_id	: GenuineIntel
cpu family	: 6
model		: 62
model name	: Intel(R) Xeon(R) CPU E5-2670 v2 @ 2.50GHz
stepping	: 4
microcode	: 0x415
cpu MHz		: 2494.026
cache size	: 25600 KB
physical id	: 0
siblings	: 1
core id		: 0
cpu cores	: 1
apicid		: 0
initial apicid	: 0
fpu		: yes
fpu_exception	: yes
cpuid level	: 13
wp		: yes
flags		: fpu vme de pse tsc msr pae mce cx8 apic sep mtrr pge mca cmov pat pse36 clflush mmx fxsr sse sse2 ht syscall nx rdtscp lm constant_tsc rep_good nopl xtopology eagerfpu pni pclmulqdq ssse3 cx16 pcid sse4_1 sse4_2 x2apic popcnt tsc_deadline_timer aes xsave avx f16c rdrand hypervisor lahf_lm xsaveopt fsgsbase smep erms
bogomips	: 4988.05
clflush size	: 64
cache_alignment	: 64
address sizes	: 46 bits physical, 48 bits virtual
power management:



Memory: 4k page, physical 1016256k(54944k free), swap 0k(0k free)

vm_info: Java HotSpot(TM) 64-Bit Server VM (25.20-b23) for linux-amd64 JRE (1.8.0_20-b26), built on Jul 30 2014 13:13:52 by "java_re" with gcc 4.3.0 20080428 (Red Hat 4.3.0-8)

time: Fri Oct 17 19:21:09 2014
elapsed time: 2 seconds (0d 0h 0m 2s)

